<?xml version="1.0" encoding="UTF-8"?>
<testsuite name="com.macio.calculator.CalculatorTest" tests="1" skipped="0" failures="0" errors="0" timestamp="2021-10-05T09:54:33" hostname="Home-Ubuntu" time="0.002">
  <properties/>
  <testcase name="testSum" classname="com.macio.calculator.CalculatorTest" time="0.002"/>
  <system-out><![CDATA[]]></system-out>
  <system-err><![CDATA[]]></system-err>
</testsuite>
